生成启动时间为 2018/10/31 2:28:03。
     1>项目“G:\Program Files\VS\vs_opencv_workspace\video\colordetection_11\colordetection_1\lesson1_1.vcxproj”在节点 2 上(Rebuild 个目标)。
     1>_PrepareForClean:
         正在删除文件“Debug\lesson1_1.lastbuildstate”。
       InitializeBuildStatus:
         正在创建“Debug\lesson1_1.unsuccessfulbuild”，因为已指定“AlwaysCreate”。
       ClCompile:
         G:\Program Files\VS\vs\VC\bin\CL.exe /c /ZI /nologo /W3 /WX- /Od /Oy- /D WIN32 /D _DEBUG /D _CONSOLE /D _UNICODE /D UNICODE /Gm /EHsc /RTC1 /MDd /GS /fp:precise /Zc:wchar_t /Zc:forScope /Fo"Debug\\" /Fd"Debug\vc110.pdb" /Gd /TP /analyze- /errorReport:prompt main.cpp
         main.cpp
     1>g:\program files\vs\vs_opencv_workspace\video\colordetection_11\colordetection_1\main.cpp(180): warning C4018: “<”: 有符号/无符号不匹配
     1>g:\program files\vs\vs_opencv_workspace\video\colordetection_11\colordetection_1\main.cpp(330): warning C4101: “bWriteStat”: 未引用的局部变量
       Link:
         G:\Program Files\VS\vs\VC\bin\link.exe /ERRORREPORT:PROMPT /OUT:"G:\Program Files\VS\vs_opencv_workspace\video\colordetection_11\colordetection_1\Debug\lesson1_1.exe" /INCREMENTAL /NOLOGO opencv_calib3d248d.lib opencv_contrib248d.lib opencv_core248d.lib opencv_features2d248d.lib opencv_flann248d.lib opencv_gpu248d.lib opencv_highgui248d.lib opencv_imgproc248d.lib opencv_legacy248d.lib opencv_ml248d.lib opencv_objdetect248d.lib opencv_ts248d.lib opencv_video248d.lib opencv_stitching248d.lib kernel32.lib user32.lib gdi32.lib winspool.lib comdlg32.lib advapi32.lib shell32.lib ole32.lib oleaut32.lib uuid.lib odbc32.lib odbccp32.lib /MANIFEST /MANIFESTUAC:"level='asInvoker' uiAccess='false'" /manifest:embed /DEBUG /PDB:"G:\Program Files\VS\vs_opencv_workspace\video\colordetection_11\colordetection_1\Debug\lesson1_1.pdb" /SUBSYSTEM:CONSOLE /TLBID:1 /DYNAMICBASE /NXCOMPAT /IMPLIB:"G:\Program Files\VS\vs_opencv_workspace\video\colordetection_11\colordetection_1\Debug\lesson1_1.lib" /MACHINE:X86 Debug\main.obj
         lesson1_1.vcxproj -> G:\Program Files\VS\vs_opencv_workspace\video\colordetection_11\colordetection_1\Debug\lesson1_1.exe
       FinalizeBuildStatus:
         正在删除文件“Debug\lesson1_1.unsuccessfulbuild”。
         正在对“Debug\lesson1_1.lastbuildstate”执行 Touch 任务。
     1>已完成生成项目“G:\Program Files\VS\vs_opencv_workspace\video\colordetection_11\colordetection_1\lesson1_1.vcxproj”(Rebuild 个目标)的操作。

生成成功。

已用时间 00:00:03.65
