G:\PROGRAM FILES\VS\VS_OPENCV_WORKSPACE\VIDEO\COLORDETECTION_11\COLORDETECTION_1\DEBUG\MAIN.OBJ
G:\PROGRAM FILES\VS\VS_OPENCV_WORKSPACE\VIDEO\COLORDETECTION_11\COLORDETECTION_1\DEBUG\VC110.PDB
G:\PROGRAM FILES\VS\VS_OPENCV_WORKSPACE\VIDEO\COLORDETECTION_11\COLORDETECTION_1\DEBUG\LESSON1_1.ILK
G:\PROGRAM FILES\VS\VS_OPENCV_WORKSPACE\VIDEO\COLORDETECTION_11\COLORDETECTION_1\DEBUG\LESSON1_1.EXE
G:\PROGRAM FILES\VS\VS_OPENCV_WORKSPACE\VIDEO\COLORDETECTION_11\COLORDETECTION_1\DEBUG\LESSON1_1.PDB
G:\Program Files\VS\vs_opencv_workspace\video\colordetection_11\colordetection_1\Debug\main.obj
G:\Program Files\VS\vs_opencv_workspace\video\colordetection_11\colordetection_1\Debug\lesson1_1.ilk
G:\Program Files\VS\vs_opencv_workspace\video\colordetection_11\colordetection_1\Debug\cl.command.1.tlog
G:\Program Files\VS\vs_opencv_workspace\video\colordetection_11\colordetection_1\Debug\CL.read.1.tlog
G:\Program Files\VS\vs_opencv_workspace\video\colordetection_11\colordetection_1\Debug\CL.write.1.tlog
G:\Program Files\VS\vs_opencv_workspace\video\colordetection_11\colordetection_1\Debug\link-cvtres.read.1.tlog
G:\Program Files\VS\vs_opencv_workspace\video\colordetection_11\colordetection_1\Debug\link-cvtres.write.1.tlog
G:\Program Files\VS\vs_opencv_workspace\video\colordetection_11\colordetection_1\Debug\link-rc.read.1.tlog
G:\Program Files\VS\vs_opencv_workspace\video\colordetection_11\colordetection_1\Debug\link-rc.write.1.tlog
G:\Program Files\VS\vs_opencv_workspace\video\colordetection_11\colordetection_1\Debug\link.command.1.tlog
G:\Program Files\VS\vs_opencv_workspace\video\colordetection_11\colordetection_1\Debug\link.read.1.tlog
G:\Program Files\VS\vs_opencv_workspace\video\colordetection_11\colordetection_1\Debug\link.write.1.tlog
G:\Program Files\VS\vs_opencv_workspace\video\colordetection_11\colordetection_1\Debug\vc110.idb
G:\Program Files\VS\vs_opencv_workspace\video\colordetection_11\colordetection_1\Debug\lesson1_1.pdb
G:\Program Files\VS\vs_opencv_workspace\video\colordetection_11\colordetection_1\Debug\vc110.pdb
G:\Program Files\VS\vs_opencv_workspace\video\colordetection_11\colordetection_1\Debug\lesson1_1.exe
