G:\PROGRAM FILES\VS\OPENCV_SOURCE\源码(1--35)\LESSON4\LESSON4\DEBUG\MAIN.OBJ
G:\PROGRAM FILES\VS\OPENCV_SOURCE\源码(1--35)\LESSON4\LESSON4\DEBUG\VC110.PDB
G:\PROGRAM FILES\VS\VS_OPENCV_WORKSPACE\VIDEO\VIDEO_MOVE_TRACKBAR\LESSON4\DEBUG\MAIN.OBJ
G:\PROGRAM FILES\VS\VS_OPENCV_WORKSPACE\VIDEO\VIDEO_MOVE_TRACKBAR\LESSON4\DEBUG\VC110.PDB
G:\PROGRAM FILES\VS\OPENCV_SOURCE\源码(1--35)\LESSON4\DEBUG\LESSON4.ILK
G:\PROGRAM FILES\VS\OPENCV_SOURCE\源码(1--35)\LESSON4\DEBUG\LESSON4.EXE
G:\PROGRAM FILES\VS\OPENCV_SOURCE\源码(1--35)\LESSON4\DEBUG\LESSON4.PDB
G:\PROGRAM FILES\VS\VS_OPENCV_WORKSPACE\VIDEO\VIDEO_MOVE_TRACKBAR\DEBUG\LESSON4.ILK
G:\PROGRAM FILES\VS\VS_OPENCV_WORKSPACE\VIDEO\VIDEO_MOVE_TRACKBAR\DEBUG\LESSON4.EXE
G:\PROGRAM FILES\VS\VS_OPENCV_WORKSPACE\VIDEO\VIDEO_MOVE_TRACKBAR\DEBUG\LESSON4.PDB
G:\Program Files\VS\vs_opencv_workspace\video\video_move_trackbar\Lesson4\Debug\main.obj
G:\Program Files\VS\vs_opencv_workspace\video\video_move_trackbar\Lesson4\Debug\cl.command.1.tlog
G:\Program Files\VS\vs_opencv_workspace\video\video_move_trackbar\Lesson4\Debug\CL.read.1.tlog
G:\Program Files\VS\vs_opencv_workspace\video\video_move_trackbar\Lesson4\Debug\CL.write.1.tlog
G:\Program Files\VS\vs_opencv_workspace\video\video_move_trackbar\Lesson4\Debug\link-cvtres.read.1.tlog
G:\Program Files\VS\vs_opencv_workspace\video\video_move_trackbar\Lesson4\Debug\link-cvtres.write.1.tlog
G:\Program Files\VS\vs_opencv_workspace\video\video_move_trackbar\Lesson4\Debug\link-rc.read.1.tlog
G:\Program Files\VS\vs_opencv_workspace\video\video_move_trackbar\Lesson4\Debug\link-rc.write.1.tlog
G:\Program Files\VS\vs_opencv_workspace\video\video_move_trackbar\Lesson4\Debug\link.4464-cvtres.read.1.tlog
G:\Program Files\VS\vs_opencv_workspace\video\video_move_trackbar\Lesson4\Debug\link.4464-cvtres.write.1.tlog
G:\Program Files\VS\vs_opencv_workspace\video\video_move_trackbar\Lesson4\Debug\link.4464-rc.read.1.tlog
G:\Program Files\VS\vs_opencv_workspace\video\video_move_trackbar\Lesson4\Debug\link.4464-rc.write.1.tlog
G:\Program Files\VS\vs_opencv_workspace\video\video_move_trackbar\Lesson4\Debug\link.4464.read.1.tlog
G:\Program Files\VS\vs_opencv_workspace\video\video_move_trackbar\Lesson4\Debug\link.4464.write.1.tlog
G:\Program Files\VS\vs_opencv_workspace\video\video_move_trackbar\Lesson4\Debug\link.4780-cvtres.read.1.tlog
G:\Program Files\VS\vs_opencv_workspace\video\video_move_trackbar\Lesson4\Debug\link.4780-cvtres.write.1.tlog
G:\Program Files\VS\vs_opencv_workspace\video\video_move_trackbar\Lesson4\Debug\link.4780-rc.read.1.tlog
G:\Program Files\VS\vs_opencv_workspace\video\video_move_trackbar\Lesson4\Debug\link.4780-rc.write.1.tlog
G:\Program Files\VS\vs_opencv_workspace\video\video_move_trackbar\Lesson4\Debug\link.4780.read.1.tlog
G:\Program Files\VS\vs_opencv_workspace\video\video_move_trackbar\Lesson4\Debug\link.4780.write.1.tlog
G:\Program Files\VS\vs_opencv_workspace\video\video_move_trackbar\Lesson4\Debug\link.5040-cvtres.read.1.tlog
G:\Program Files\VS\vs_opencv_workspace\video\video_move_trackbar\Lesson4\Debug\link.5040-cvtres.write.1.tlog
G:\Program Files\VS\vs_opencv_workspace\video\video_move_trackbar\Lesson4\Debug\link.5040-rc.read.1.tlog
G:\Program Files\VS\vs_opencv_workspace\video\video_move_trackbar\Lesson4\Debug\link.5040-rc.write.1.tlog
G:\Program Files\VS\vs_opencv_workspace\video\video_move_trackbar\Lesson4\Debug\link.5040.read.1.tlog
G:\Program Files\VS\vs_opencv_workspace\video\video_move_trackbar\Lesson4\Debug\link.5040.write.1.tlog
G:\Program Files\VS\vs_opencv_workspace\video\video_move_trackbar\Lesson4\Debug\link.command.1.tlog
G:\Program Files\VS\vs_opencv_workspace\video\video_move_trackbar\Lesson4\Debug\link.read.1.tlog
G:\Program Files\VS\vs_opencv_workspace\video\video_move_trackbar\Lesson4\Debug\link.write.1.tlog
G:\Program Files\VS\vs_opencv_workspace\video\video_move_trackbar\Lesson4\Debug\vc110.idb
G:\Program Files\VS\vs_opencv_workspace\video\video_move_trackbar\Lesson4\Debug\vc110.pdb
G:\Program Files\VS\vs_opencv_workspace\video\video_move_trackbar\Debug\Lesson4.pdb
G:\Program Files\VS\vs_opencv_workspace\video\video_move_trackbar\Debug\Lesson4.exe
G:\Program Files\VS\vs_opencv_workspace\video\video_move_trackbar\Debug\Lesson4.ilk
