G:\PROGRAM FILES\VS\OPENCV_SOURCE\源码(1--35)\LESSON2\LESSON2\DEBUG\MAIN.OBJ
G:\PROGRAM FILES\VS\OPENCV_SOURCE\源码(1--35)\LESSON2\LESSON2\DEBUG\VC110.PDB
G:\PROGRAM FILES\VS\OPENCV_SOURCE\源码(1--35)\LESSON2\DEBUG\LESSON2.ILK
G:\PROGRAM FILES\VS\OPENCV_SOURCE\源码(1--35)\LESSON2\DEBUG\LESSON2.EXE
G:\PROGRAM FILES\VS\OPENCV_SOURCE\源码(1--35)\LESSON2\DEBUG\LESSON2.PDB
G:\Program Files\VS\opencv_source\源码(1--35)\Lesson2\Lesson2\Debug\main.obj
G:\Program Files\VS\opencv_source\源码(1--35)\Lesson2\Lesson2\Debug\cl.command.1.tlog
G:\Program Files\VS\opencv_source\源码(1--35)\Lesson2\Lesson2\Debug\CL.read.1.tlog
G:\Program Files\VS\opencv_source\源码(1--35)\Lesson2\Lesson2\Debug\CL.write.1.tlog
G:\Program Files\VS\opencv_source\源码(1--35)\Lesson2\Lesson2\Debug\link-cvtres.read.1.tlog
G:\Program Files\VS\opencv_source\源码(1--35)\Lesson2\Lesson2\Debug\link-cvtres.write.1.tlog
G:\Program Files\VS\opencv_source\源码(1--35)\Lesson2\Lesson2\Debug\link-rc.read.1.tlog
G:\Program Files\VS\opencv_source\源码(1--35)\Lesson2\Lesson2\Debug\link-rc.write.1.tlog
G:\Program Files\VS\opencv_source\源码(1--35)\Lesson2\Lesson2\Debug\link.command.1.tlog
G:\Program Files\VS\opencv_source\源码(1--35)\Lesson2\Lesson2\Debug\link.read.1.tlog
G:\Program Files\VS\opencv_source\源码(1--35)\Lesson2\Lesson2\Debug\link.write.1.tlog
G:\Program Files\VS\opencv_source\源码(1--35)\Lesson2\Lesson2\Debug\vc110.idb
G:\Program Files\VS\opencv_source\源码(1--35)\Lesson2\Lesson2\Debug\vc110.pdb
G:\Program Files\VS\opencv_source\源码(1--35)\Lesson2\Debug\Lesson2.pdb
G:\Program Files\VS\opencv_source\源码(1--35)\Lesson2\Debug\Lesson2.exe
G:\Program Files\VS\opencv_source\源码(1--35)\Lesson2\Debug\Lesson2.ilk
